fwshgbiknbsogndoiamníliongdlkngmdlikbnsiorhjniovjnxxx638371761920000000.x.Első teszt üzenet
Ez egy új sor!	Ez meg egy tab!.x.11000000101010000000000100011001.x.11111111111111111111111100000000.-+.
ghsiunksjnhnsvjdngjskbngidbniunviudjbnjydhnbvjkbhndgkjnhngfjdsngikjgbnkgosgksflkqwertzyxxx638397452240000000.x.Még egy szép kis tesztüzenet. Kettő más IP cím között.x.10101100000100001100100000000101.x.00001010000000000010110101111011.-+.

iovjnxxx638371761920000000.x.Hibás teszt üzenet
Ez egy új sor!	Ez meg egy tab!11000000101010000000000100011001.x.11111111111111111111111100000000.-+.

fospgkjsopkjaofkmjvklksasckovldkskmkvxxx638743396220000000.x.Egy csodás beszélgetés kezdete ez, barátom!.x.00001000000010000000100000001000.x.11111111111111111111111100000000.-+.
hjgklscccqwerrtyyyyyyxxx638743396290000000.x.Üdv! Kedves, üzengető barátom!.x.11111111111111111111111100000000.x.00001000000010000000100000001000.-+.

fshjgbsiuknvdcbniolmjqwqeqrwetzrutziozuorwtreutzibmxcvnymnbxxx638763018050000000.x.Tisztelt Tanár úr, elmehetnék e a vonathoz a mai nap?.x.10010101110100100011000100001000.x.11000111001100001001100111011110.-+.
hhdmbynxvcxcvxxx638763018140000000.x.Persze! Lenne még bármi kérdése?.x.11000111001100001001100111011110.x.10010101110100100011000100001000.-+.
hhhhhhjklkxxx638763018160000000.x.Igazából....lenne, újra írhatnám esetleg a tegnapelőtti dogát? :>.x.10010101110100100011000100001000.x.11000111001100001001100111011110.-+.
hdmbynxvcxcvxxx638763018230000000.x.Még átgondolom! Holnap első óra előtt, amint tudom értesítem!.x.11000111001100001001100111011110.x.10010101110100100011000100001000.-+.
fshjgbseqrwetzrutziozuorwtreutzibmxcvnymnbxxx638763018250000000.x.Nagyon köszönöm Tanár úr!.x.10010101110100100011000100001000.x.11000111001100001001100111011110.-+.

zwiutfpppppppdefiospppppppppppphhhhhhhhhhhxxx638484493260000000.x.Hali! Milyen napod volt?.x.00010110110111101010101101111100.x.11001011000000000111000101100011.-+.
hjhjhjhjhjhjhjhjhjhjhjhjhjhjhhjjxxx638484493300000000.x.Semmi különös sem történt ma! Veled?.x.11001011000000000111000101100011.x.00010110110111101010101101111100.-+.
ghghfdhgfhqwqretzqwertyqwertyqwertyxxx638484493350000000.x.Oh! Az nem sok :).x.00010110110111101010101101111100.x.11001011000000000111000101100011.-+.
xxx638484493370000000.x.Na! de veled mi volt???.x.11001011000000000111000101100011.x.00010110110111101010101101111100.-+.

ghjirfghjohjgbodsnjjdsiofjdsybiohnjfovindgbiojiosrgujiohnjigovnjsyilkbndgtihsiofjgjdkjghdsohjfgjkghnfiukhnuvidhgviukdghnyduksjbnxikvndfkgbjngflknjihlkshnjliykbndyilkfhnjtlsgjioerujqwhiotueriouertiowuerioewhjtzgiuesghzugfvtsguzwathnclkxnbvxykljvnxxx638229450300000000.x.Ma nem megyek be főnök!.x.01100101110010100010000110010000.x.00110111010101111110101001001101.-+.
hhhhhjhjhjhjhhhxxx638229450350000000.x.Mégis mi a szentségtelen rettenetért nem?!.x.00110111010101111110101001001101.x.01100101110010100010000110010000.-+.
jvnxxx638229450370000000.x.Mert meguntam.x.01100101110010100010000110010000.x.00110111010101111110101001001101.-+.

gjijgzjhhhhhhhhhxxx638985252080000000.x.Ez egy szép kis üzenet, a nem is olyan távoli jövőböl!.x.00001011001110100110001111001001.x.01001100001011011011110111001000.-+.
ghhhhhhhhhggggggggxxx638985252120000000.x.Emez meg egy válasz a jövőböl!.x.01001100001011011011110111001000.x.00001011001110100110001111001001.-+.
xxx638985252200000000.x.Nem sokkal másabb a helyzet.....x.00001011001110100110001111001001.x.01001100001011011011110111001000.-+.

hgiudshgbiudiosfjioghjndbiuknxkjnvkjisynvcdhodgmlkhnjmdolkfsnjgtbdshgniukjnvkjnbdjknvkljsmnviudhnbudvkjsnvkjnbckjxbvnkjfdghykjghfkjdferjttftqrfwzufgrxytzgfvztrfwuzgrzwuegtuzertuzwegtwuzgrzuthnurghtfuzerghvbnxjhgvuzrtwuztghxygvsztrfgtgertzuiehyíihcyiuzgfvueztghxxx638653686250000000.x.Ez egy üzenet 2024. Október huszonnegyedikéről! pontosabban 12 óra 11 perc 25 másodperckor..x.11000000000000000000001000101101.x.11000111001100001001100111011110.-+.
hrjehgijkbnsolhknmldsmdlékmhnkrtlmhnjmgvmndbnmdkljgbnghjfghffhgghghhghghghghghghgxxx638653686260000000.x.Ez egy válasz üzenet, varázslatos módon 1 másodpercel később : ).x.11000111001100001001100111011110.x.11000000000000000000001000101101.-+.

xxx638768601010000000.x.Ez egy tökéletes, Pálmai áltál készített üzenetcsomag. Lehet használni..x.11000000101010000000101000000001.x.11000000101010000000000100001010.-+..-.-.+.+.